2025-05-08 18:50:15,002 INFO: Fake News Detector app started
2025-05-08 18:50:15,004 INFO: Model file not found. Training a new one...
2025-05-08 18:52:57,128 INFO: Fake News Detector app started
2025-05-08 18:52:57,128 INFO: Model file not found. Training a new one...
2025-05-08 18:53:42,418 INFO: Fake News Detector app started
2025-05-08 18:53:42,418 INFO: Model file not found. Training a new one...
2025-05-08 18:53:59,217 INFO: Model trained and saved successfully
2025-05-08 18:53:59,370 INFO: Model loaded successfully
2025-05-08 18:54:01,459 INFO: Fake News Detector app started
2025-05-08 18:54:01,500 INFO: Model loaded successfully
2025-05-08 18:55:15,788 INFO: Fake News Detector app started
2025-05-08 18:55:15,839 INFO: Model loaded successfully
2025-05-08 18:56:17,732 INFO: Fake News Detector app started
2025-05-08 18:56:17,771 INFO: Model loaded successfully
2025-05-08 18:56:20,435 INFO: Fake News Detector app started
2025-05-08 18:56:20,477 INFO: Model loaded successfully
2025-05-08 18:56:26,583 INFO: Fake News Detector app started
2025-05-08 18:56:26,634 INFO: Model loaded successfully
2025-05-08 18:57:03,967 INFO: Fake News Detector app started
2025-05-08 18:57:04,020 INFO: Model loaded successfully
2025-05-08 18:58:44,283 ERROR: MySQL insert error: 2003: Can't connect to MySQL server on 'localhost:3306' (10061 No connection could be made because the target machine actively refused it)
2025-05-08 18:59:22,378 ERROR: MySQL insert error: 2003: Can't connect to MySQL server on 'localhost:3306' (10061 No connection could be made because the target machine actively refused it)
2025-05-08 18:59:30,238 ERROR: MySQL insert error: 2003: Can't connect to MySQL server on 'localhost:3306' (10061 No connection could be made because the target machine actively refused it)
2025-05-08 18:59:37,139 ERROR: MySQL insert error: 2003: Can't connect to MySQL server on 'localhost:3306' (10061 No connection could be made because the target machine actively refused it)
2025-05-08 19:00:36,190 INFO: Fake News Detector app started
2025-05-08 19:00:36,240 INFO: Model loaded successfully
2025-05-08 19:00:42,705 INFO: Fake News Detector app started
2025-05-08 19:00:42,759 INFO: Model loaded successfully
2025-05-08 19:00:57,159 INFO: Fake News Detector app started
2025-05-08 19:00:57,216 INFO: Model loaded successfully
2025-05-08 19:01:20,339 INFO: Fake News Detector app started
2025-05-08 19:01:20,393 INFO: Model loaded successfully
2025-05-08 19:01:24,214 INFO: Fake News Detector app started
2025-05-08 19:01:24,272 INFO: Model loaded successfully
2025-05-08 19:02:48,695 INFO: Fake News Detector app started
2025-05-08 19:02:48,744 INFO: Model loaded successfully
2025-05-08 19:02:57,949 INFO: Fake News Detector app started
2025-05-08 19:02:58,006 INFO: Model loaded successfully
2025-05-08 19:03:24,529 INFO: Fake News Detector app started
2025-05-08 19:03:24,581 INFO: Model loaded successfully
2025-05-08 19:03:28,402 INFO: Fake News Detector app started
2025-05-08 19:03:28,460 INFO: Model loaded successfully
2025-05-08 19:05:15,933 INFO: Fake News Detector app started
2025-05-08 19:05:15,992 INFO: Model loaded successfully
2025-05-08 19:05:22,522 INFO: Fake News Detector app started
2025-05-08 19:05:22,577 INFO: Model loaded successfully
2025-05-08 19:05:38,174 INFO: Fake News Detector app started
2025-05-08 19:05:38,227 INFO: Model loaded successfully
2025-05-08 19:05:40,876 INFO: Fake News Detector app started
2025-05-08 19:05:40,923 INFO: Model loaded successfully
2025-05-08 19:05:51,683 ERROR: MySQL insert error: 2003: Can't connect to MySQL server on 'localhost:3306' (10061 No connection could be made because the target machine actively refused it)
2025-05-08 19:06:27,402 ERROR: MySQL insert error: 2003: Can't connect to MySQL server on 'localhost:3306' (10061 No connection could be made because the target machine actively refused it)
2025-05-08 19:06:59,020 ERROR: MySQL insert error: 2003: Can't connect to MySQL server on 'localhost:3306' (10061 No connection could be made because the target machine actively refused it)
2025-05-08 19:07:21,833 ERROR: MySQL insert error: 2003: Can't connect to MySQL server on 'localhost:3306' (10061 No connection could be made because the target machine actively refused it)
2025-05-08 19:07:48,429 ERROR: MySQL insert error: 2003: Can't connect to MySQL server on 'localhost:3306' (10061 No connection could be made because the target machine actively refused it)
2025-05-08 19:08:04,678 ERROR: MySQL insert error: 2003: Can't connect to MySQL server on 'localhost:3306' (10061 No connection could be made because the target machine actively refused it)
2025-05-08 19:08:17,953 ERROR: MySQL insert error: 2003: Can't connect to MySQL server on 'localhost:3306' (10061 No connection could be made because the target machine actively refused it)
2025-05-14 10:49:18,019 INFO: Fake News Detector app started
2025-05-14 10:49:18,215 INFO: Model loaded successfully
2025-05-14 10:49:21,007 INFO: Fake News Detector app started
2025-05-14 10:49:21,063 INFO: Model loaded successfully
2025-05-14 10:51:21,551 ERROR: MySQL insert error: 2003: Can't connect to MySQL server on 'localhost:3306' (10061 No connection could be made because the target machine actively refused it)
2025-05-14 11:25:03,440 ERROR: MySQL insert error: 2003: Can't connect to MySQL server on 'localhost:3306' (10061 No connection could be made because the target machine actively refused it)
2025-05-14 11:25:10,281 ERROR: MySQL insert error: 2003: Can't connect to MySQL server on 'localhost:3306' (10061 No connection could be made because the target machine actively refused it)
2025-05-14 11:25:51,973 ERROR: MySQL insert error: 2003: Can't connect to MySQL server on 'localhost:3306' (10061 No connection could be made because the target machine actively refused it)
2025-05-14 11:26:11,622 ERROR: MySQL insert error: 2003: Can't connect to MySQL server on 'localhost:3306' (10061 No connection could be made because the target machine actively refused it)
2025-05-14 11:26:49,995 ERROR: MySQL insert error: 2003: Can't connect to MySQL server on 'localhost:3306' (10061 No connection could be made because the target machine actively refused it)
2025-05-14 11:28:12,287 ERROR: MySQL insert error: 2003: Can't connect to MySQL server on 'localhost:3306' (10061 No connection could be made because the target machine actively refused it)
2025-05-14 11:28:27,241 ERROR: MySQL insert error: 2003: Can't connect to MySQL server on 'localhost:3306' (10061 No connection could be made because the target machine actively refused it)
2025-06-03 15:30:00,262 INFO: Fake News Detector app started
2025-06-03 15:30:00,661 INFO: Model loaded successfully
2025-06-03 15:30:02,974 INFO: Fake News Detector app started
2025-06-03 15:30:03,033 INFO: Model loaded successfully
2025-06-03 15:32:02,634 ERROR: MySQL insert error: 2003 (HY000): Can't connect to MySQL server on 'localhost:3306' (10061)
2025-06-03 15:32:33,198 ERROR: MySQL insert error: 2003 (HY000): Can't connect to MySQL server on 'localhost:3306' (10061)
2025-06-03 15:33:31,262 ERROR: MySQL insert error: 2003 (HY000): Can't connect to MySQL server on 'localhost:3306' (10061)
2025-06-03 15:35:23,589 ERROR: MySQL insert error: 2003 (HY000): Can't connect to MySQL server on 'localhost:3306' (10061)
2025-06-03 15:35:41,869 ERROR: MySQL insert error: 2003 (HY000): Can't connect to MySQL server on 'localhost:3306' (10061)
2025-06-03 15:35:58,689 ERROR: MySQL insert error: 2003 (HY000): Can't connect to MySQL server on 'localhost:3306' (10061)
2025-06-03 15:36:12,106 ERROR: MySQL insert error: 2003 (HY000): Can't connect to MySQL server on 'localhost:3306' (10061)
2025-06-03 15:36:45,021 ERROR: MySQL insert error: 2003 (HY000): Can't connect to MySQL server on 'localhost:3306' (10061)
2025-06-03 16:38:56,983 ERROR: MySQL insert error: 2003 (HY000): Can't connect to MySQL server on 'localhost:3306' (10061)
2025-06-03 16:39:20,091 ERROR: MySQL insert error: 2003 (HY000): Can't connect to MySQL server on 'localhost:3306' (10061)
2025-06-03 16:39:39,722 ERROR: MySQL insert error: 2003 (HY000): Can't connect to MySQL server on 'localhost:3306' (10061)
2025-06-03 16:40:27,729 ERROR: MySQL insert error: 2003 (HY000): Can't connect to MySQL server on 'localhost:3306' (10061)
2025-06-03 16:40:45,287 ERROR: MySQL insert error: 2003 (HY000): Can't connect to MySQL server on 'localhost:3306' (10061)
2025-06-03 16:40:55,597 ERROR: MySQL insert error: 2003 (HY000): Can't connect to MySQL server on 'localhost:3306' (10061)
2025-06-03 16:47:34,988 ERROR: MySQL insert error: 2003 (HY000): Can't connect to MySQL server on 'localhost:3306' (10061)
2025-06-03 16:47:45,488 ERROR: MySQL insert error: 2003 (HY000): Can't connect to MySQL server on 'localhost:3306' (10061)
2025-06-03 16:47:52,779 ERROR: MySQL insert error: 2003 (HY000): Can't connect to MySQL server on 'localhost:3306' (10061)
2025-06-03 17:10:08,165 ERROR: MySQL insert error: 2003 (HY000): Can't connect to MySQL server on 'localhost:3306' (10061)
2025-06-03 17:10:32,868 ERROR: MySQL insert error: 2003 (HY000): Can't connect to MySQL server on 'localhost:3306' (10061)
2025-06-03 17:10:41,984 ERROR: MySQL insert error: 2003 (HY000): Can't connect to MySQL server on 'localhost:3306' (10061)
2025-06-03 18:44:32,928 ERROR: MySQL insert error: 2003 (HY000): Can't connect to MySQL server on 'localhost:3306' (10061)
2025-06-03 18:53:53,970 ERROR: MySQL insert error: 2003 (HY000): Can't connect to MySQL server on 'localhost:3306' (10061)
2025-06-03 19:28:42,199 INFO: Fake News Detector app started
2025-06-03 19:28:42,311 INFO: Model loaded successfully
2025-06-03 19:28:44,549 INFO: Fake News Detector app started
2025-06-03 19:28:44,580 INFO: Model loaded successfully
2025-06-03 19:29:52,195 ERROR: MySQL insert error: 2003 (HY000): Can't connect to MySQL server on 'localhost:3306' (10061)
2025-06-03 19:31:12,212 ERROR: MySQL insert error: 2003 (HY000): Can't connect to MySQL server on 'localhost:3306' (10061)
2025-06-05 12:55:26,374 INFO: Fake News Detector app started
2025-06-05 12:55:26,527 INFO: Model loaded successfully
